0.975588 83
0.518901 1
10.612025 1
0.103353 1
26.242467 1
0.255327 1
0.349724 1
0.157641 1
0.160808 1
1.476478 1
0.151416 1
0.173288 2
1.183070 6
0.006173 2
0.004131 2
1.014793 3
0.004778 1
0.000878 2
1.008448 3
0.004740 1
0.000895 2
1.008676 3
0.004637 1
0.000863 2
1.008599 3
0.004629 1
0.000910 2
1.008533 3
0.004661 1
0.000868 2
1.008557 3
0.006115 1
0.000872 2
1.009324 3
0.005667 1
0.000889 2
1.009254 3
0.004676 1
0.000878 2
1.009314 3
0.004547 1
0.000847 2
1.008593 3
0.004647 2
0.000864 2
0.219834 2
0.000132 83
0.000866 1
20.243469 1
0.364950 1
0.194619 1
0.154743 8
